<?xml version="1.0" encoding="UTF-8"?>
<!-- Generated by org.testng.reporters.JUnitReportReporter -->
<testsuite skipped="0" hostname="A4ML24373" name="com.udemy.rahul.DynamicDropdownTest" tests="1" failures="0" timestamp="05 Dec 2018 18:52:24 GMT" time="8.743" errors="0">
  <testcase name="dynamicTest" time="8.743" classname="com.udemy.rahul.DynamicDropdownTest"/>
</testsuite> <!-- com.udemy.rahul.DynamicDropdownTest -->
