<?xml version="1.0" encoding="UTF-8"?>
<!-- Generated by org.testng.reporters.JUnitReportReporter -->
<testsuite skipped="0" hostname="A4ML24373" name="com.udemy.rahul.ActionsTest" tests="1" failures="0" timestamp="11 Dec 2018 15:48:10 GMT" time="14.042" errors="0">
  <testcase name="amazonTest" time="14.042" classname="com.udemy.rahul.ActionsTest"/>
</testsuite> <!-- com.udemy.rahul.ActionsTest -->
