<?xml version="1.0" encoding="UTF-8"?>
<!-- Generated by org.testng.reporters.JUnitReportReporter -->
<testsuite skipped="0" hostname="A4ML24373" name="com.udemy.rahul.CheckboxTest" tests="1" failures="0" timestamp="05 Dec 2018 19:02:35 GMT" time="10.334" errors="0">
  <testcase name="checkboxIsSelected" time="10.334" classname="com.udemy.rahul.CheckboxTest"/>
</testsuite> <!-- com.udemy.rahul.CheckboxTest -->
