<?xml version="1.0" encoding="UTF-8"?>
<!-- Generated by org.testng.reporters.JUnitReportReporter -->
<testsuite skipped="0" hostname="A4ML24373" name="com.udemy.rahul.Alerts" tests="1" failures="0" timestamp="06 Dec 2018 18:58:48 GMT" time="10.756" errors="0">
  <testcase name="checkboxTest" time="10.756" classname="com.udemy.rahul.Alerts"/>
</testsuite> <!-- com.udemy.rahul.Alerts -->
