<?xml version="1.0" encoding="UTF-8"?>
<!-- Generated by org.testng.reporters.JUnitReportReporter -->
<testsuite skipped="0" hostname="A4ML24373" name="com.udemy.rahul.Screenshot" tests="1" failures="0" timestamp="19 Dec 2018 16:43:45 GMT" time="6.058" errors="0">
  <testcase name="screenshotTest" time="6.058" classname="com.udemy.rahul.Screenshot"/>
</testsuite> <!-- com.udemy.rahul.Screenshot -->
