<?xml version="1.0" encoding="UTF-8"?>
<!-- Generated by org.testng.reporters.JUnitReportReporter -->
<testsuite skipped="0" hostname="A4ML24373" name="com.udemy.rahul.WindowHandles" tests="1" failures="0" timestamp="11 Dec 2018 18:01:47 GMT" time="6.177" errors="0">
  <testcase name="WindowHandlesTest" time="6.177" classname="com.udemy.rahul.WindowHandles"/>
</testsuite> <!-- com.udemy.rahul.WindowHandles -->
