<?xml version="1.0" encoding="UTF-8"?>
<!-- Generated by org.testng.reporters.JUnitReportReporter -->
<testsuite skipped="0" hostname="A4ML24373" name="com.udemy.rahul.Assignment5" tests="1" failures="0" timestamp="16 Dec 2018 14:20:13 GMT" time="17.925" errors="0">
  <testcase name="autoTest" time="17.925" classname="com.udemy.rahul.Assignment5"/>
</testsuite> <!-- com.udemy.rahul.Assignment5 -->
