<?xml version="1.0" encoding="UTF-8"?>
<!-- Generated by org.testng.reporters.JUnitReportReporter -->
<testsuite skipped="0" hostname="A4ML24373" name="com.udemy.rahul.FacebookUsingCss" tests="1" failures="0" timestamp="14 Dec 2018 14:20:26 GMT" time="10.052" errors="0">
  <testcase name="facebookTest" time="10.052" classname="com.udemy.rahul.FacebookUsingCss"/>
</testsuite> <!-- com.udemy.rahul.FacebookUsingCss -->
