<?xml version="1.0" encoding="UTF-8"?>
<!-- Generated by org.testng.reporters.JUnitReportReporter -->
<testsuite skipped="0" hostname="A4ML24373" name="com.udemy.rahul.AutoSuggestiveDropdowns" tests="1" failures="0" timestamp="16 Dec 2018 13:11:00 GMT" time="12.863" errors="0">
  <testcase name="autoTest" time="12.863" classname="com.udemy.rahul.AutoSuggestiveDropdowns"/>
</testsuite> <!-- com.udemy.rahul.AutoSuggestiveDropdowns -->
