<?xml version="1.0" encoding="UTF-8"?>
<!-- Generated by org.testng.reporters.JUnitReportReporter -->
<testsuite skipped="0" hostname="A4ML24373" name="com.udemy.rahul.Assertions" tests="1" failures="0" timestamp="08 Dec 2018 10:56:22 GMT" time="14.713" errors="0">
  <testcase name="assertionsTest" time="14.713" classname="com.udemy.rahul.Assertions"/>
</testsuite> <!-- com.udemy.rahul.Assertions -->
