<?xml version="1.0" encoding="UTF-8"?>
<!-- Generated by org.testng.reporters.JUnitReportReporter -->
<testsuite skipped="0" hostname="A4ML24373" name="com.udemy.rahul.XpathUsingText" tests="1" failures="0" timestamp="03 Dec 2018 17:06:48 GMT" time="16.968" errors="0">
  <testcase name="textTest" time="16.968" classname="com.udemy.rahul.XpathUsingText"/>
</testsuite> <!-- com.udemy.rahul.XpathUsingText -->
