<?xml version="1.0" encoding="UTF-8"?>
<!-- Generated by org.testng.reporters.JUnitReportReporter -->
<testsuite skipped="0" hostname="A4ML24373" name="com.udemy.rahul.SiblingToSiblingTraversalTest" tests="1" failures="0" timestamp="02 Dec 2018 19:22:42 GMT" time="20.175" errors="0">
  <testcase name="siblingTest" time="20.175" classname="com.udemy.rahul.SiblingToSiblingTraversalTest"/>
</testsuite> <!-- com.udemy.rahul.SiblingToSiblingTraversalTest -->
