<?xml version="1.0" encoding="UTF-8"?>
<!-- Generated by org.testng.reporters.JUnitReportReporter -->
<testsuite skipped="0" hostname="A4ML24373" name="com.udemy.rahul.Calender" tests="1" failures="0" timestamp="08 Dec 2018 10:18:43 GMT" time="13.806" errors="0">
  <testcase name="calenderTest" time="13.806" classname="com.udemy.rahul.Calender"/>
</testsuite> <!-- com.udemy.rahul.Calender -->
