<?xml version="1.0" encoding="UTF-8"?>
<!-- Generated by org.testng.reporters.JUnitReportReporter -->
<testsuite skipped="0" hostname="A4ML24373" name="com.udemy.rahul.Dropdown" tests="1" failures="0" timestamp="05 Dec 2018 18:24:17 GMT" time="8.678" errors="0">
  <testcase name="dynamicDropdownTest" time="8.678" classname="com.udemy.rahul.Dropdown"/>
</testsuite> <!-- com.udemy.rahul.Dropdown -->
