<?xml version="1.0" encoding="UTF-8"?>
<!-- Generated by org.testng.reporters.JUnitReportReporter -->
<testsuite skipped="0" hostname="A4ML24373" name="com.udemy.rahul.RadioButtonsTest" tests="1" failures="0" timestamp="06 Dec 2018 18:11:27 GMT" time="11.895" errors="0">
  <testcase name="radioTest" time="11.895" classname="com.udemy.rahul.RadioButtonsTest"/>
</testsuite> <!-- com.udemy.rahul.RadioButtonsTest -->
