<?xml version="1.0" encoding="UTF-8"?>
<!-- Generated by org.testng.reporters.JUnitReportReporter -->
<testsuite skipped="0" hostname="A4ML24373" name="com.udemy.rahul.Synchronization_ImplicitWait" tests="1" failures="0" timestamp="09 Dec 2018 15:24:02 GMT" time="22.026" errors="0">
  <testcase name="SynchronizationTest" time="22.026" classname="com.udemy.rahul.Synchronization_ImplicitWait"/>
</testsuite> <!-- com.udemy.rahul.Synchronization_ImplicitWait -->
