<?xml version="1.0" encoding="UTF-8"?>
<!-- Generated by org.testng.reporters.JUnitReportReporter -->
<testsuite skipped="0" hostname="A4ML24373" name="com.udemy.rahul.Del" tests="1" failures="0" timestamp="13 Dec 2018 18:56:49 GMT" time="19.450" errors="0">
  <testcase name="linksTest" time="19.450" classname="com.udemy.rahul.Del"/>
</testsuite> <!-- com.udemy.rahul.Del -->
