<?xml version="1.0" encoding="UTF-8"?>
<!-- Generated by org.testng.reporters.JUnitReportReporter -->
<testsuite skipped="0" hostname="A4ML24373" name="com.udemy.rahul.Synchronization_ExplicitWait" tests="1" failures="0" timestamp="09 Dec 2018 15:56:32 GMT" time="22.305" errors="0">
  <testcase name="SynchronizationTest" time="22.305" classname="com.udemy.rahul.Synchronization_ExplicitWait"/>
</testsuite> <!-- com.udemy.rahul.Synchronization_ExplicitWait -->
