<?xml version="1.0" encoding="UTF-8"?>
<!-- Generated by org.testng.reporters.JUnitReportReporter -->
<testsuite skipped="0" hostname="A4ML24373" name="com.udemy.rahul.Assignment3" tests="1" failures="0" timestamp="10 Dec 2018 17:13:51 GMT" time="9.037" errors="0">
  <testcase name="explicitWaitTest" time="9.037" classname="com.udemy.rahul.Assignment3"/>
</testsuite> <!-- com.udemy.rahul.Assignment3 -->
