<?xml version="1.0" encoding="UTF-8"?>
<!-- Generated by org.testng.reporters.JUnitReportReporter -->
<testsuite skipped="0" hostname="A4ML24373" name="com.udemy.rahul.FramesTest" tests="1" failures="0" timestamp="12 Dec 2018 18:39:10 GMT" time="7.571" errors="0">
  <testcase name="DragAndDropTest" time="7.571" classname="com.udemy.rahul.FramesTest"/>
</testsuite> <!-- com.udemy.rahul.FramesTest -->
