<?xml version="1.0" encoding="UTF-8"?>
<!-- Generated by org.testng.reporters.JUnitReportReporter -->
<testsuite skipped="0" hostname="A4ML24373" name="com.udemy.rahul.ChildToParentTraversal" tests="1" failures="0" timestamp="02 Dec 2018 19:28:38 GMT" time="17.006" errors="0">
  <testcase name="childToParentTest" time="17.006" classname="com.udemy.rahul.ChildToParentTraversal"/>
</testsuite> <!-- com.udemy.rahul.ChildToParentTraversal -->
