<?xml version="1.0" encoding="UTF-8"?>
<!-- Generated by org.testng.reporters.JUnitReportReporter -->
<testsuite skipped="0" hostname="A4ML24373" name="com.udemy.rahul.FormMethods" tests="1" failures="0" timestamp="07 Dec 2018 19:14:19 GMT" time="10.608" errors="0">
  <testcase name="isDisplayedTest" time="10.608" classname="com.udemy.rahul.FormMethods"/>
</testsuite> <!-- com.udemy.rahul.FormMethods -->
