<?xml version="1.0" encoding="UTF-8"?>
<!-- Generated by org.testng.reporters.JUnitReportReporter -->
<testsuite skipped="0" hostname="A4ML24373" name="com.udemy.rahul.XpathUsingParentChild" tests="1" failures="0" timestamp="02 Dec 2018 12:39:30 GMT" time="6.379" errors="0">
  <testcase name="googleTest" time="6.379" classname="com.udemy.rahul.XpathUsingParentChild"/>
</testsuite> <!-- com.udemy.rahul.XpathUsingParentChild -->
