<?xml version="1.0" encoding="UTF-8"?>
<!-- Generated by org.testng.reporters.JUnitReportReporter -->
<testsuite skipped="0" hostname="A4ML24373" name="com.udemy.rahul.SalesforceUsingCss" tests="1" failures="0" timestamp="02 Dec 2018 06:04:47 GMT" time="9.140" errors="0">
  <testcase name="salesforceTest" time="9.140" classname="com.udemy.rahul.SalesforceUsingCss"/>
</testsuite> <!-- com.udemy.rahul.SalesforceUsingCss -->
