<?xml version="1.0" encoding="UTF-8"?>
<!-- Generated by org.testng.reporters.JUnitReportReporter -->
<testsuite skipped="0" hostname="A4ML24373" name="com.udemy.rahul.AssignmentClearTrip" tests="1" failures="0" timestamp="08 Dec 2018 11:58:44 GMT" time="9.576" errors="0">
  <testcase name="clearTripTest" time="9.576" classname="com.udemy.rahul.AssignmentClearTrip"/>
</testsuite> <!-- com.udemy.rahul.AssignmentClearTrip -->
