<?xml version="1.0" encoding="UTF-8"?>
<!-- Generated by org.testng.reporters.JUnitReportReporter -->
<testsuite skipped="0" hostname="A4ML24373" name="com.udemy.rahul.Assignment" tests="1" failures="0" timestamp="08 Dec 2018 13:25:33 GMT" time="333.241" errors="0">
  <testcase name="checkboxTest" time="333.241" classname="com.udemy.rahul.Assignment"/>
</testsuite> <!-- com.udemy.rahul.Assignment -->
