<?xml version="1.0" encoding="UTF-8"?>
<!-- Generated by org.testng.reporters.JUnitReportReporter -->
<testsuite skipped="0" hostname="A4ML24373" name="com.udemy.rahul.Calender2" tests="1" failures="0" timestamp="15 Dec 2018 08:50:58 GMT" time="9.847" errors="0">
  <testcase name="calenderTest" time="9.847" classname="com.udemy.rahul.Calender2"/>
</testsuite> <!-- com.udemy.rahul.Calender2 -->
