<?xml version="1.0" encoding="UTF-8"?>
<!-- Generated by org.testng.reporters.JUnitReportReporter -->
<testsuite skipped="0" hostname="A4ML24373" name="com.udemy.rahul.Demo" tests="1" failures="0" timestamp="28 Nov 2018 18:30:54 GMT" time="15.661" errors="0">
  <testcase name="googleTest" time="15.661" classname="com.udemy.rahul.Demo"/>
</testsuite> <!-- com.udemy.rahul.Demo -->
