<?xml version="1.0" encoding="UTF-8"?>
<!-- Generated by org.testng.reporters.JUnitReportReporter -->
<testsuite skipped="0" hostname="A4ML24373" name="com.udemy.rahul.CompoundClass" tests="1" failures="0" timestamp="02 Dec 2018 04:47:44 GMT" time="12.384" errors="0">
  <testcase name="salesforceTest" time="12.384" classname="com.udemy.rahul.CompoundClass"/>
</testsuite> <!-- com.udemy.rahul.CompoundClass -->
