<?xml version="1.0" encoding="UTF-8"?>
<!-- Generated by org.testng.reporters.JUnitReportReporter -->
<testsuite skipped="0" hostname="A4ML24373" name="com.udemy.rahul.Assignment4" tests="1" failures="0" timestamp="15 Dec 2018 05:25:48 GMT" time="19.459" errors="0">
  <testcase name="checkboxTest" time="19.459" classname="com.udemy.rahul.Assignment4"/>
</testsuite> <!-- com.udemy.rahul.Assignment4 -->
