<?xml version="1.0" encoding="UTF-8"?>
<!-- Generated by org.testng.reporters.JUnitReportReporter -->
<testsuite skipped="0" hostname="A4ML24373" name="com.udemy.rahul.DropdownFacebook" tests="1" failures="0" timestamp="05 Dec 2018 17:25:50 GMT" time="7.739" errors="0">
  <testcase name="facebookTest" time="7.739" classname="com.udemy.rahul.DropdownFacebook"/>
</testsuite> <!-- com.udemy.rahul.DropdownFacebook -->
