<?xml version="1.0" encoding="UTF-8"?>
<!-- Generated by org.testng.reporters.JUnitReportReporter -->
<testsuite skipped="0" hostname="A4ML24373" name="com.udemy.rahul.LinkTextTest" tests="1" failures="0" timestamp="28 Nov 2018 18:35:28 GMT" time="15.491" errors="0">
  <testcase name="googleTest" time="15.491" classname="com.udemy.rahul.LinkTextTest"/>
</testsuite> <!-- com.udemy.rahul.LinkTextTest -->
