<?xml version="1.0" encoding="UTF-8"?>
<!-- Generated by org.testng.reporters.JUnitReportReporter -->
<testsuite skipped="0" hostname="A4ML24373" name="com.udemy.rahul.Count" tests="1" failures="0" timestamp="14 Dec 2018 21:01:17 GMT" time="57.668" errors="0">
  <testcase name="linksTest" time="57.668" classname="com.udemy.rahul.Count"/>
</testsuite> <!-- com.udemy.rahul.Count -->
