<?xml version="1.0" encoding="UTF-8"?>
<!-- Generated by org.testng.reporters.JUnitReportReporter -->
<testsuite skipped="0" hostname="A4ML24373" name="com.udemy.rahul.CompoundClassTest" tests="2" failures="0" timestamp="03 Dec 2018 19:10:28 GMT" time="20.078" errors="0">
  <testcase name="xpathTest" time="9.580" classname="com.udemy.rahul.CompoundClassTest"/>
  <testcase name="cssTest" time="10.498" classname="com.udemy.rahul.CompoundClassTest"/>
</testsuite> <!-- com.udemy.rahul.CompoundClassTest -->
