<?xml version="1.0" encoding="UTF-8"?>
<!-- Generated by org.testng.reporters.JUnitReportReporter -->
<testsuite skipped="0" hostname="A4ML24373" name="com.udemy.rahul.RediffTest" tests="1" failures="0" timestamp="02 Dec 2018 06:51:07 GMT" time="21.346" errors="0">
  <testcase name="rediffTest" time="21.346" classname="com.udemy.rahul.RediffTest"/>
</testsuite> <!-- com.udemy.rahul.RediffTest -->
