<?xml version="1.0" encoding="UTF-8"?>
<!-- Generated by org.testng.reporters.JUnitReportReporter -->
<testsuite skipped="0" hostname="A4ML24373" name="com.udemy.rahul.StaticDropdownTest" tests="1" failures="0" timestamp="05 Dec 2018 18:50:58 GMT" time="8.181" errors="0">
  <testcase name="staticTest" time="8.181" classname="com.udemy.rahul.StaticDropdownTest"/>
</testsuite> <!-- com.udemy.rahul.StaticDropdownTest -->
