<?xml version="1.0" encoding="UTF-8"?>
<!-- Generated by org.testng.reporters.JUnitReportReporter -->
<testsuite skipped="0" hostname="A4ML24373" name="com.udemy.rahul.SiblingTraversalTest" tests="1" failures="0" timestamp="02 Dec 2018 19:20:40 GMT" time="16.954" errors="0">
  <testcase name="siblingTest" time="16.954" classname="com.udemy.rahul.SiblingTraversalTest"/>
</testsuite> <!-- com.udemy.rahul.SiblingTraversalTest -->
