<?xml version="1.0" encoding="UTF-8"?>
<!-- Generated by org.testng.reporters.JUnitReportReporter -->
<testsuite skipped="0" hostname="A4ML24373" name="com.udemy.rahul.MultipleValues" tests="1" failures="0" timestamp="29 Nov 2018 16:52:41 GMT" time="9.092" errors="0">
  <testcase name="googleTest" time="9.092" classname="com.udemy.rahul.MultipleValues"/>
</testsuite> <!-- com.udemy.rahul.MultipleValues -->
